#
# A fatal error has been detected by the Java Runtime Environment:
#
#  EXCEPTION_ACCESS_VIOLATION (0xc0000005) at pc=0x00007ff9172897ee, pid=8948, tid=10768
#
# JRE version: Java(TM) SE Runtime Environment (8.0_60-b27) (build 1.8.0_60-b27)
# Java VM: Java HotSpot(TM) 64-Bit Server VM (25.60-b23 mixed mode windows-amd64 compressed oops)
# Problematic frame:
# C  [lwjgl.dll+0x97ee]
#
# Failed to write core dump. Minidumps are not enabled by default on client versions of Windows
#
# If you would like to submit a bug report, please visit:
#   http://bugreport.java.com/bugreport/crash.jsp
# The crash happened outside the Java Virtual Machine in native code.
# See problematic frame for where to report the bug.
#

---------------  T H R E A D  ---------------

Current thread (0x0000000019380000):  JavaThread "Drawer" [_thread_in_native, id=10768, stack(0x00000000198c0000,0x00000000199c0000)]

siginfo: ExceptionCode=0xc0000005, reading address 0x0000000000000000

Registers:
RAX=0x0000000000000000, RBX=0x00000000199bec30, RCX=0x00000000199ba430, RDX=0x0000000000000002
RSP=0x00000000199ba3b0, RBP=0x0000000000000002, RSI=0x00000000192ee920, RDI=0x00000000199ba430
R8 =0x00000000192ee630, R9 =0x00000000192ee840, R10=0x00000000192ee920, R11=0x00000000192ee630
R12=0x0000000000000000, R13=0x0000000016c7b800, R14=0x00000000199bee40, R15=0x0000000019380000
RIP=0x00007ff9172897ee, EFLAGS=0x0000000000010287

Top of Stack: (sp=0x00000000199ba3b0)
0x00000000199ba3b0:   00000000169277a8 0000000016c39348
0x00000000199ba3c0:   0000000016e3f948 0000000016e40070
0x00000000199ba3d0:   00000000199ba430 00007ff917288e3b
0x00000000199ba3e0:   00000000192ee840 0000000016c50528
0x00000000199ba3f0:   0000000000000000 0000000000000000
0x00000000199ba400:   00000000192ee630 00007ff91728ce30
0x00000000199ba410:   0000000000000000 0100000300000001
0x00000000199ba420:   00000000199bec30 0000000016dda7b8
0x00000000199ba430:   00000000199bec30 0000000016aaaf58
0x00000000199ba440:   0000000016dda978 0000000316dda778
0x00000000199ba450:   00000000007cd7b0 0000000000000001
0x00000000199ba460:   0000000000000000 0000000000000008
0x00000000199ba470:   0000000000000000 0000000000000003
0x00000000199ba480:   0000000000000000 00000000169c0028
0x00000000199ba490:   0000000000000080 0000000016c52770
0x00000000199ba4a0:   0000000016c5d5f8 000000000e00000e 

Instructions: (pc=0x00007ff9172897ee)
0x00007ff9172897ce:   00 00 48 3b 83 c0 00 00 00 72 15 83 7b 30 00 74
0x00007ff9172897de:   79 48 8b cb e8 59 86 00 00 48 8b 83 b8 00 00 00
0x00007ff9172897ee:   0f b6 08 48 ff c0 48 89 83 b8 00 00 00 80 f9 ff
0x00007ff9172897fe:   75 58 48 8b 1f 48 8b 83 b8 00 00 00 48 3b 83 c0 


Register to memory mapping:

RAX=0x0000000000000000 is an unknown value
RBX=0x00000000199bec30 is pointing into the stack for thread: 0x0000000019380000
RCX=0x00000000199ba430 is pointing into the stack for thread: 0x0000000019380000
RDX=0x0000000000000002 is an unknown value
RSP=0x00000000199ba3b0 is pointing into the stack for thread: 0x0000000019380000
RBP=0x0000000000000002 is an unknown value
RSI=0x00000000192ee920 is an unknown value
RDI=0x00000000199ba430 is pointing into the stack for thread: 0x0000000019380000
R8 =0x00000000192ee630 is an unknown value
R9 =0x00000000192ee840 is an unknown value
R10=0x00000000192ee920 is an unknown value
R11=0x00000000192ee630 is an unknown value
R12=0x0000000000000000 is an unknown value
R13={method} {0x0000000016c7b808} 'nstbi_info_from_memory' '(JIJJJ)I' in 'org/lwjgl/stb/STBImage'
R14=0x00000000199bee40 is pointing into the stack for thread: 0x0000000019380000
R15=0x0000000019380000 is a thread


Stack: [0x00000000198c0000,0x00000000199c0000],  sp=0x00000000199ba3b0,  free space=1000k
Native frames: (J=compiled Java code, j=interpreted, Vv=VM code, C=native code)
C  [lwjgl.dll+0x97ee]
C  [lwjgl.dll+0x8e3b]
C  [lwjgl.dll+0xce30]
C  [lwjgl.dll+0xbdc5]
C  [lwjgl.dll+0x13388]
C  0x00000000024457f4

Java frames: (J=compiled Java code, j=interpreted, Vv=VM code)
j  org.lwjgl.stb.STBImage.nstbi_info_from_memory(JIJJJ)I+0
j  org.lwjgl.stb.STBImage.stbi_info_from_memory(Ljava/nio/ByteBuffer;Ljava/nio/IntBuffer;Ljava/nio/IntBuffer;Ljava/nio/IntBuffer;)I+41
j  workexpIT.merlin.graphics.Drawer.loadTextures()V+734
j  workexpIT.merlin.graphics.Drawer.init()V+1
j  workexpIT.merlin.graphics.Drawer.run()V+1
j  java.lang.Thread.run()V+11
v  ~StubRoutines::call_stub

---------------  P R O C E S S  ---------------

Java Threads: ( => current thread )
  0x0000000019b1a000 JavaThread "Java2D Disposer" daemon [_thread_blocked, id=11500, stack(0x000000001a5e0000,0x000000001a6e0000)]
  0x000000000232d800 JavaThread "DestroyJavaVM" [_thread_blocked, id=7800, stack(0x0000000002160000,0x0000000002260000)]
=>0x0000000019380000 JavaThread "Drawer" [_thread_in_native, id=10768, stack(0x00000000198c0000,0x00000000199c0000)]
  0x00000000192ef000 JavaThread "Monitor Ctrl-Break" daemon [_thread_in_native, id=7940, stack(0x0000000019790000,0x0000000019890000)]
  0x0000000019204800 JavaThread "Service Thread" daemon [_thread_blocked, id=9656, stack(0x0000000019590000,0x0000000019690000)]
  0x000000001724b800 JavaThread "C1 CompilerThread2" daemon [_thread_blocked, id=9196, stack(0x0000000019090000,0x0000000019190000)]
  0x0000000017246000 JavaThread "C2 CompilerThread1" daemon [_thread_blocked, id=9120, stack(0x0000000018f90000,0x0000000019090000)]
  0x0000000017243800 JavaThread "C2 CompilerThread0" daemon [_thread_blocked, id=6092, stack(0x0000000018e90000,0x0000000018f90000)]
  0x0000000017240000 JavaThread "Attach Listener" daemon [_thread_blocked, id=11404, stack(0x0000000018d90000,0x0000000018e90000)]
  0x000000001723e800 JavaThread "Signal Dispatcher" daemon [_thread_blocked, id=8216, stack(0x0000000018c90000,0x0000000018d90000)]
  0x0000000002427800 JavaThread "Finalizer" daemon [_thread_blocked, id=10656, stack(0x0000000018ab0000,0x0000000018bb0000)]
  0x0000000002420800 JavaThread "Reference Handler" daemon [_thread_blocked, id=11388, stack(0x00000000189b0000,0x0000000018ab0000)]

Other Threads:
  0x0000000017208000 VMThread [stack: 0x00000000188b0000,0x00000000189b0000] [id=7316]
  0x0000000019235000 WatcherThread [stack: 0x0000000019690000,0x0000000019790000] [id=4424]

VM state:not at safepoint (normal execution)

VM Mutex/Monitor currently owned by a thread: None

Heap:
 PSYoungGen      total 38400K, used 8655K [0x00000000d5800000, 0x00000000d8280000, 0x0000000100000000)
  eden space 33280K, 26% used [0x00000000d5800000,0x00000000d6073f18,0x00000000d7880000)
  from space 5120K, 0% used [0x00000000d7d80000,0x00000000d7d80000,0x00000000d8280000)
  to   space 5120K, 0% used [0x00000000d7880000,0x00000000d7880000,0x00000000d7d80000)
 ParOldGen       total 87552K, used 0K [0x0000000080800000, 0x0000000085d80000, 0x00000000d5800000)
  object space 87552K, 0% used [0x0000000080800000,0x0000000080800000,0x0000000085d80000)
 Metaspace       used 6749K, capacity 6946K, committed 7040K, reserved 1056768K
  class space    used 762K, capacity 825K, committed 896K, reserved 1048576K

Card table byte_map: [0x00000000117f0000,0x0000000011bf0000] byte_map_base: 0x00000000113ec000

Marking Bits: (ParMarkBitMap*) 0x00000000527ca5b0
 Begin Bits: [0x00000000124a0000, 0x0000000014480000)
 End Bits:   [0x0000000014480000, 0x0000000016460000)

Polling page: 0x0000000000950000

CodeCache: size=245760Kb used=1887Kb max_used=1897Kb free=243872Kb
 bounds [0x0000000002430000, 0x00000000026a0000, 0x0000000011430000]
 total_blobs=767 nmethods=413 adapters=268
 compilation: enabled

Compilation events (10 events):
Event: 0.406 Thread 0x000000001724b800 nmethod 406 0x0000000002606d50 code [0x0000000002606ec0, 0x00000000026070e8]
Event: 0.406 Thread 0x000000001724b800  410       3       java.awt.image.WritableRaster::setPixel (25 bytes)
Event: 0.406 Thread 0x000000001724b800 nmethod 410 0x00000000026071d0 code [0x0000000002607340, 0x0000000002607568]
Event: 0.406 Thread 0x000000001724b800  412       3       com.sun.imageio.plugins.png.PNGImageReader::paethPredictor (57 bytes)
Event: 0.406 Thread 0x000000001724b800 nmethod 412 0x0000000002608b50 code [0x0000000002608ce0, 0x00000000026090f0]
Event: 0.406 Thread 0x0000000017243800 nmethod 408 0x000000000260aa10 code [0x000000000260ab60, 0x000000000260ac78]
Event: 0.406 Thread 0x0000000017246000  413       4       java.awt.image.DataBufferByte::setElem (25 bytes)
Event: 0.407 Thread 0x0000000017246000 nmethod 413 0x000000000260a610 code [0x000000000260a760, 0x000000000260a898]
Event: 0.408 Thread 0x000000001724b800  414  s    1       javax.imageio.ImageReader::abortRequested (5 bytes)
Event: 0.408 Thread 0x000000001724b800 nmethod 414 0x000000000260a1d0 code [0x000000000260a320, 0x000000000260a590]

GC Heap History (0 events):
No events

Deoptimization events (1 events):
Event: 0.297 Thread 0x0000000019380000 Uncommon trap: reason=unstable_if action=reinterpret pc=0x00000000025f0c78 method=java.lang.String.indexOf([CII[CIII)I @ 3

Internal exceptions (9 events):
Event: 0.039 Thread 0x000000000232d800 Exception <a 'java/lang/NoSuchMethodError': Method sun.misc.Unsafe.defineClass(Ljava/lang/String;[BII)Ljava/lang/Class; name or signature does not match> (0x00000000d580dd28) thrown at [C:\re\workspace\8-2-build-windows-amd64-cygwin\jdk8u60\4407\hotspot\srVpèà≥3§?
Event: 0.039 Thread 0x000000000232d800 Exception <a 'java/lang/NoSuchMethodError': Method sun.misc.Unsafe.prefetchRead(Ljava/lang/Object;J)V name or signature does not match> (0x00000000d580e010) thrown at [C:\re\workspace\8-2-build-windows-amd64-cygwin\jdk8u60\4407\hotspot\src\share\vm\prims\j
Event: 0.222 Thread 0x0000000019380000 Exception <a 'java/security/PrivilegedActionException'> (0x00000000d5dd9098) thrown at [C:\re\workspace\8-2-build-windows-amd64-cygwin\jdk8u60\4407\hotspot\src\share\vm\prims\jvm.cpp, line 1386]
Event: 0.222 Thread 0x0000000019380000 Exception <a 'java/security/PrivilegedActionException'> (0x00000000d5dd9490) thrown at [C:\re\workspace\8-2-build-windows-amd64-cygwin\jdk8u60\4407\hotspot\src\share\vm\prims\jvm.cpp, line 1386]
Event: 0.223 Thread 0x0000000019380000 Exception <a 'java/security/PrivilegedActionException'> (0x00000000d5ddd758) thrown at [C:\re\workspace\8-2-build-windows-amd64-cygwin\jdk8u60\4407\hotspot\src\share\vm\prims\jvm.cpp, line 1386]
Event: 0.223 Thread 0x0000000019380000 Exception <a 'java/security/PrivilegedActionException'> (0x00000000d5dddb50) thrown at [C:\re\workspace\8-2-build-windows-amd64-cygwin\jdk8u60\4407\hotspot\src\share\vm\prims\jvm.cpp, line 1386]
Event: 0.227 Thread 0x0000000019380000 Exception <a 'java/io/FileNotFoundException'> (0x00000000d5ddff70) thrown at [C:\re\workspace\8-2-build-windows-amd64-cygwin\jdk8u60\4407\hotspot\src\share\vm\prims\jni.cpp, line 709]
Event: 0.261 Thread 0x0000000019380000 Exception <a 'java/lang/NoSuchFieldError': method resolution failed> (0x00000000d5eac810) thrown at [C:\re\workspace\8-2-build-windows-amd64-cygwin\jdk8u60\4407\hotspot\src\share\vm\prims\methodHandles.cpp, line 1146]
Event: 0.263 Thread 0x0000000019380000 Exception <a 'java/lang/NoSuchFieldError': method resolution failed> (0x00000000d5eb9f30) thrown at [C:\re\workspace\8-2-build-windows-amd64-cygwin\jdk8u60\4407\hotspot\src\share\vm\prims\methodHandles.cpp, line 1146]

Events (10 events):
Event: 0.392 loading class sun/awt/image/IntegerComponentRaster
Event: 0.392 loading class sun/awt/image/IntegerComponentRaster done
Event: 0.392 loading class java/awt/image/IndexColorModel
Event: 0.392 loading class java/awt/image/IndexColorModel done
Event: 0.392 loading class sun/awt/image/ShortComponentRaster
Event: 0.392 loading class sun/awt/image/ShortComponentRaster done
Event: 0.392 loading class com/sun/imageio/plugins/common/ReaderUtil
Event: 0.392 loading class com/sun/imageio/plugins/common/ReaderUtil done
Event: 0.408 loading class java/io/RandomAccessFile$1
Event: 0.408 loading class java/io/RandomAccessFile$1 done


Dynamic libraries:
0x00007ff6b5340000 - 0x00007ff6b5377000 	C:\Program Files\Java\jdk1.8.0_60\bin\java.exe
0x00007ff927200000 - 0x00007ff9273c1000 	C:\WINDOWS\SYSTEM32\ntdll.dll
0x00007ff927000000 - 0x00007ff9270ad000 	C:\WINDOWS\system32\KERNEL32.DLL
0x00007ff921760000 - 0x00007ff921792000 	C:\Program Files (x86)\AVG\Av\avghooka.dll
0x00007ff9240e0000 - 0x00007ff9242c8000 	C:\WINDOWS\system32\KERNELBASE.dll
0x00000000006d0000 - 0x0000000000777000 	C:\WINDOWS\system32\ADVAPI32.dll
0x00007ff9270b0000 - 0x00007ff92714d000 	C:\WINDOWS\system32\msvcrt.dll
0x00007ff9267a0000 - 0x00007ff9267fb000 	C:\WINDOWS\system32\sechost.dll
0x00007ff924bd0000 - 0x00007ff924cec000 	C:\WINDOWS\system32\RPCRT4.dll
0x00007ff926e30000 - 0x00007ff926f86000 	C:\WINDOWS\system32\USER32.dll
0x00007ff924a40000 - 0x00007ff924bc6000 	C:\WINDOWS\system32\GDI32.dll
0x00007ff91f8d0000 - 0x00007ff91fb44000 	C:\WINDOWS\WinSxS\amd64_microsoft.windows.common-controls_6595b64144ccf1df_6.0.10586.0_none_8c15ae12515e1c22\COMCTL32.dll
0x00007ff926870000 - 0x00007ff926aed000 	C:\WINDOWS\system32\combase.dll
0x00007ff9242d0000 - 0x00007ff92433a000 	C:\WINDOWS\system32\bcryptPrimitives.dll
0x00007ff924dc0000 - 0x00007ff924dfb000 	C:\WINDOWS\system32\IMM32.DLL
0x0000000052850000 - 0x0000000052922000 	C:\Program Files\Java\jdk1.8.0_60\jre\bin\msvcr100.dll
0x0000000051fc0000 - 0x0000000052849000 	C:\Program Files\Java\jdk1.8.0_60\jre\bin\server\jvm.dll
0x00007ff926640000 - 0x00007ff926648000 	C:\WINDOWS\system32\PSAPI.DLL
0x00007ff914950000 - 0x00007ff914959000 	C:\WINDOWS\SYSTEM32\WSOCK32.dll
0x00007ff926af0000 - 0x00007ff926b5b000 	C:\WINDOWS\system32\WS2_32.dll
0x00007ff921e10000 - 0x00007ff921e33000 	C:\WINDOWS\SYSTEM32\WINMM.dll
0x00007ff91fc80000 - 0x00007ff91fc8a000 	C:\WINDOWS\SYSTEM32\VERSION.dll
0x00007ff921db0000 - 0x00007ff921ddc000 	C:\WINDOWS\SYSTEM32\WINMMBASE.dll
0x00007ff923fc0000 - 0x00007ff924003000 	C:\WINDOWS\system32\cfgmgr32.dll
0x0000000054340000 - 0x000000005434f000 	C:\Program Files\Java\jdk1.8.0_60\jre\bin\verify.dll
0x0000000051f90000 - 0x0000000051fb9000 	C:\Program Files\Java\jdk1.8.0_60\jre\bin\java.dll
0x0000000051f70000 - 0x0000000051f86000 	C:\Program Files\Java\jdk1.8.0_60\jre\bin\zip.dll
0x00007ff925080000 - 0x00007ff9265df000 	C:\WINDOWS\system32\SHELL32.dll
0x00007ff9238b0000 - 0x00007ff923ef4000 	C:\WINDOWS\system32\windows.storage.dll
0x00007ff9265e0000 - 0x00007ff926632000 	C:\WINDOWS\system32\shlwapi.dll
0x00007ff9238a0000 - 0x00007ff9238af000 	C:\WINDOWS\system32\kernel.appcore.dll
0x00007ff923f00000 - 0x00007ff923fb5000 	C:\WINDOWS\system32\shcore.dll
0x00007ff923830000 - 0x00007ff92387b000 	C:\WINDOWS\system32\powrprof.dll
0x00007ff923880000 - 0x00007ff923894000 	C:\WINDOWS\system32\profapi.dll
0x00007ff921720000 - 0x00007ff921730000 	C:\Program Files (x86)\JetBrains\IntelliJ IDEA Community Edition 13.1.3\bin\breakgen64.dll
0x0000000051f50000 - 0x0000000051f6a000 	C:\Program Files\Java\jdk1.8.0_60\jre\bin\net.dll
0x00007ff923150000 - 0x00007ff9231ac000 	C:\WINDOWS\system32\mswsock.dll
0x0000000051f30000 - 0x0000000051f41000 	C:\Program Files\Java\jdk1.8.0_60\jre\bin\nio.dll
0x00007ff917280000 - 0x00007ff917308000 	C:\Users\Justin\Documents\Dev\IT\The-Ambiguous-Story-of-Merlin\natives\lwjgl.dll
0x00007ff923320000 - 0x00007ff92332b000 	C:\WINDOWS\SYSTEM32\CRYPTBASE.DLL
0x00007ff917230000 - 0x00007ff917272000 	C:\Users\Justin\Documents\Dev\IT\The-Ambiguous-Story-of-Merlin\natives\jemalloc.dll
0x0000000051d90000 - 0x0000000051f28000 	C:\Program Files\Java\jdk1.8.0_60\jre\bin\awt.dll
0x00007ff924cf0000 - 0x00007ff924db1000 	C:\WINDOWS\system32\OLEAUT32.dll
0x00007ff922090000 - 0x00007ff922109000 	C:\WINDOWS\system32\apphelp.dll
0x00007ff923200000 - 0x00007ff923217000 	C:\WINDOWS\SYSTEM32\CRYPTSP.dll
0x00007ff922e30000 - 0x00007ff922e64000 	C:\WINDOWS\system32\rsaenh.dll
0x00007ff9236b0000 - 0x00007ff9236d9000 	C:\WINDOWS\SYSTEM32\bcrypt.dll
0x00007ff922f80000 - 0x00007ff922f9f000 	C:\WINDOWS\SYSTEM32\USERENV.dll
0x00007ff91e730000 - 0x00007ff91e768000 	C:\WINDOWS\SYSTEM32\IPHLPAPI.DLL
0x00007ff926860000 - 0x00007ff926868000 	C:\WINDOWS\system32\NSI.dll
0x00007ff91e710000 - 0x00007ff91e726000 	C:\WINDOWS\SYSTEM32\dhcpcsvc6.DLL
0x00007ff91e6f0000 - 0x00007ff91e70a000 	C:\WINDOWS\SYSTEM32\dhcpcsvc.DLL
0x00007ff90f850000 - 0x00007ff90f9dc000 	C:\WINDOWS\SYSTEM32\dbghelp.dll

VM Arguments:
jvm_args: -Djava.library.path=natives/ -Didea.launcher.port=7540 -Didea.launcher.bin.path=C:\Program Files (x86)\JetBrains\IntelliJ IDEA Community Edition 13.1.3\bin -Dfile.encoding=UTF-8 
java_command: com.intellij.rt.execution.application.AppMain workexpIT.merlin.Merlin
java_class_path (initial): C:\Program Files\Java\jdk1.8.0_60\jre\lib\charsets.jar;C:\Program Files\Java\jdk1.8.0_60\jre\lib\deploy.jar;C:\Program Files\Java\jdk1.8.0_60\jre\lib\javaws.jar;C:\Program Files\Java\jdk1.8.0_60\jre\lib\jce.jar;C:\Program Files\Java\jdk1.8.0_60\jre\lib\jfr.jar;C:\Program Files\Java\jdk1.8.0_60\jre\lib\jfxswt.jar;C:\Program Files\Java\jdk1.8.0_60\jre\lib\jsse.jar;C:\Program Files\Java\jdk1.8.0_60\jre\lib\management-agent.jar;C:\Program Files\Java\jdk1.8.0_60\jre\lib\plugin.jar;C:\Program Files\Java\jdk1.8.0_60\jre\lib\resources.jar;C:\Program Files\Java\jdk1.8.0_60\jre\lib\rt.jar;C:\Program Files\Java\jdk1.8.0_60\jre\lib\ext\access-bridge-64.jar;C:\Program Files\Java\jdk1.8.0_60\jre\lib\ext\cldrdata.jar;C:\Program Files\Java\jdk1.8.0_60\jre\lib\ext\dnsns.jar;C:\Program Files\Java\jdk1.8.0_60\jre\lib\ext\jaccess.jar;C:\Program Files\Java\jdk1.8.0_60\jre\lib\ext\jfxrt.jar;C:\Program Files\Java\jdk1.8.0_60\jre\lib\ext\localedata.jar;C:\Program Files\Java\jdk1.8.0_60\jre\lib\ext\nashorn.jar;C:\Program Files\Java\jdk1.8.0_60\jre\lib\ext\sunec.jar;C:\Program Files\Java\jdk1.8.0_60\jre\lib\ext\sunjce_provider.jar;C:\Program Files\Java\jdk1.8.0_60\jre\lib\ext\sunmscapi.jar;C:\Program Files\Java\jdk1.8.0_60\jre\lib\ext\sunpkcs11.jar;C:\Program Files\Java\jdk1.8.0_60\jre\lib\ext\zipfs.jar;C:\Users\Justin\Documents\Dev\IT\The-Ambiguous-Story-of-Merlin\out\production\The Ambiguous Story of Merlin;C:\Users\Justin\Documents\Dev\IT\The-Ambiguous-Story-of-Merlin\libs\lwjgl.jar;C:\Program Files (x86)\JetBrains\IntelliJ IDEA Community Edition 13.1.3\lib\idea_rt.jar
Launcher Type: SUN_STANDARD

Environment Variables:
JAVA_HOME=C:\Program Files\Java\jdk1.7.0_60
PATH=C:\ProgramData\Oracle\Java\javapath;C:\Program Files (x86)\NVIDIA Corporation\PhysX\Common;C:\WINDOWS\system32;C:\WINDOWS;C:\WINDOWS\System32\Wbem;C:\WINDOWS\System32\WindowsPowerShell\v1.0\;C:\Program Files\Common Files\Autodesk Shared\;C:\Program Files (x86)\Autodesk\Backburner\;C:\Program Files\OpenVPN\bin;C:\Program Files\WIDCOMM\Bluetooth Software\;C:\Program Files\WIDCOMM\Bluetooth Software\syswow64;C:\Program Files (x86)\QuickTime\QTSystem\;C:\Program Files (x86)\FreeArc\bin
USERNAME=Justin
OS=Windows_NT
PROCESSOR_IDENTIFIER=AMD64 Family 21 Model 2 Stepping 0, AuthenticAMD



---------------  S Y S T E M  ---------------

OS: Windows 10.0 , 64 bit Build 10586 (10.0.10586.0)

CPU:total 6 (6 cores per cpu, 1 threads per core) family 21 model 2 stepping 0, cmov, cx8, fxsr, mmx, sse, sse2, sse3, ssse3, sse4.1, sse4.2, popcnt, avx, aes, clmul, mmxext, 3dnowpref, lzcnt, sse4a, tsc, tscinvbit, tscinv, bmi1

Memory: 4k page, physical 8352392k(4674540k free), swap 9663112k(5427044k free)

vm_info: Java HotSpot(TM) 64-Bit Server VM (25.60-b23) for windows-amd64 JRE (1.8.0_60-b27), built on Aug  4 2015 11:06:27 by "java_re" with MS VC++ 10.0 (VS2010)

time: Thu Feb 04 22:29:25 2016
elapsed time: 0 seconds (0d 0h 0m 0s)

